<?xml version="1.0" encoding="UTF-8"?>
<!-- Generated by org.testng.reporters.JUnitReportReporter -->
<testsuite hostname="DESKTOP-NI5VC9N" failures="0" tests="2" name="Maven.project.REstAssured" time="0.011" errors="0" timestamp="2022-04-19T19:12:02 IST" skipped="0">
  <testcase classname="Maven.project.REstAssured" name="PostJIRA" time="0.001"/>
  <system-out/>
  <testcase classname="Maven.project.REstAssured" name="DeleteTwitter" time="0.010"/>
  <system-out/>
</testsuite> <!-- Maven.project.REstAssured -->
